Streaming transaction logs mentioning FHiSSmRJQdUmp6Z7uZjj2U99BLS8yreeTLUd6xc9ReCD. Confirmed commitment
Transaction executed in slot 3:
  Signature: 3FkgKYLF3536m4fVV4BVevLL7C5idpkTHdk4ZarfhuWnT4KYjXc4qfDptC3MeiopKuD8pPumggSKryPG7gVAzKNE
  Status: Ok
  Log Messages:
    Program FHiSSmRJQdUmp6Z7uZjj2U99BLS8yreeTLUd6xc9ReCD invoke [1]
    Program log: Instruction: Initialize
    Program 11111111111111111111111111111111 invoke [2]
    Program 11111111111111111111111111111111 success
    Program FHiSSmRJQdUmp6Z7uZjj2U99BLS8yreeTLUd6xc9ReCD consumed 10466 of 200000 compute units
    Program FHiSSmRJQdUmp6Z7uZjj2U99BLS8yreeTLUd6xc9ReCD success
Transaction executed in slot 4:
  Signature: 62qsKqVDC1Dfsgp16oAHMZNZtvj7G63a5NZV2Q5kVkCxvky9C9AApdnrZTjDaXrqieecBDNVEzRQTun9qP25jv3s
  Status: Ok
  Log Messages:
    Program FHiSSmRJQdUmp6Z7uZjj2U99BLS8yreeTLUd6xc9ReCD invoke [1]
    Program log: Instruction: Deposit
    Program 11111111111111111111111111111111 invoke [2]
    Program 11111111111111111111111111111111 success
    Program FHiSSmRJQdUmp6Z7uZjj2U99BLS8yreeTLUd6xc9ReCD consumed 6975 of 200000 compute units
    Program FHiSSmRJQdUmp6Z7uZjj2U99BLS8yreeTLUd6xc9ReCD success
Transaction executed in slot 5:
  Signature: 2pAHVByS7vuyUtZRAQLG9pk3DuWUJV3GNjA7iqs1RUmem4QhTayUS7HqG6rStBZwJQSrjAdzwdu46XiczTKqEUm1
  Status: Ok
  Log Messages:
    Program FHiSSmRJQdUmp6Z7uZjj2U99BLS8yreeTLUd6xc9ReCD invoke [1]
    Program log: Instruction: Withdraw
    Program 11111111111111111111111111111111 invoke [2]
    Program 11111111111111111111111111111111 success
    Program FHiSSmRJQdUmp6Z7uZjj2U99BLS8yreeTLUd6xc9ReCD consumed 7060 of 200000 compute units
    Program FHiSSmRJQdUmp6Z7uZjj2U99BLS8yreeTLUd6xc9ReCD success
